<?xml version="1.0" encoding="UTF-8"?>
<coverage generated="1728768572143" clover="3.2.0">
  <project timestamp="1728768572143" name="All files">
    <metrics statements="63" coveredstatements="60" conditionals="16" coveredconditionals="13" methods="14" coveredmethods="14" elements="93" coveredelements="87" complexity="0" loc="63" ncloc="63" packages="2" files="6" classes="6"/>
    <package name="__fixtures__">
      <metrics statements="11" coveredstatements="10" conditionals="3" coveredconditionals="2" methods="3" coveredmethods="3"/>
      <file name="mockAxios.ts" path="/Users/luisapinto/WebstormProjects/web-crawler/__fixtures__/mockAxios.ts">
        <metrics statements="8" coveredstatements="7" conditionals="3" coveredconditionals="2" methods="3" coveredmethods="3"/>
        <line num="1" count="1" type="stmt"/>
        <line num="3" count="1" type="stmt"/>
        <line num="4" count="1" type="stmt"/>
        <line num="6" count="1" type="stmt"/>
        <line num="7" count="6" type="stmt"/>
        <line num="8" count="6" type="cond" truecount="1" falsecount="0"/>
        <line num="9" count="6" type="stmt"/>
        <line num="14" count="0" type="stmt"/>
      </file>
      <file name="mockCyclicPages.ts" path="/Users/luisapinto/WebstormProjects/web-crawler/__fixtures__/mockCyclicPages.ts">
        <metrics statements="1" coveredstatements="1" conditionals="0" coveredconditionals="0" methods="0" coveredmethods="0"/>
        <line num="1" count="1" type="stmt"/>
      </file>
      <file name="mockPages.ts" path="/Users/luisapinto/WebstormProjects/web-crawler/__fixtures__/mockPages.ts">
        <metrics statements="1" coveredstatements="1" conditionals="0" coveredconditionals="0" methods="0" coveredmethods="0"/>
        <line num="1" count="1" type="stmt"/>
      </file>
      <file name="mockUrls.ts" path="/Users/luisapinto/WebstormProjects/web-crawler/__fixtures__/mockUrls.ts">
        <metrics statements="1" coveredstatements="1" conditionals="0" coveredconditionals="0" methods="0" coveredmethods="0"/>
        <line num="1" count="1" type="stmt"/>
      </file>
    </package>
    <package name="src">
      <metrics statements="52" coveredstatements="50" conditionals="13" coveredconditionals="11" methods="11" coveredmethods="11"/>
      <file name="crawler.ts" path="/Users/luisapinto/WebstormProjects/web-crawler/src/crawler.ts">
        <metrics statements="44" coveredstatements="42" conditionals="9" coveredconditionals="7" methods="8" coveredmethods="8"/>
        <line num="1" count="1" type="stmt"/>
        <line num="2" count="1" type="stmt"/>
        <line num="3" count="1" type="stmt"/>
        <line num="4" count="1" type="stmt"/>
        <line num="6" count="1" type="stmt"/>
        <line num="12" count="7" type="stmt"/>
        <line num="13" count="7" type="stmt"/>
        <line num="16" count="8" type="cond" truecount="1" falsecount="0"/>
        <line num="17" count="8" type="stmt"/>
        <line num="18" count="8" type="stmt"/>
        <line num="20" count="7" type="cond" truecount="1" falsecount="0"/>
        <line num="21" count="1" type="stmt"/>
        <line num="22" count="1" type="stmt"/>
        <line num="25" count="6" type="stmt"/>
        <line num="27" count="1" type="stmt"/>
        <line num="28" count="1" type="stmt"/>
        <line num="33" count="6" type="stmt"/>
        <line num="34" count="6" type="stmt"/>
        <line num="35" count="6" type="stmt"/>
        <line num="37" count="6" type="stmt"/>
        <line num="38" count="7" type="stmt"/>
        <line num="39" count="7" type="cond" truecount="1" falsecount="0"/>
        <line num="40" count="7" type="stmt"/>
        <line num="41" count="7" type="stmt"/>
        <line num="45" count="6" type="stmt"/>
        <line num="48" count="5" type="cond" truecount="1" falsecount="0"/>
        <line num="49" count="5" type="cond" truecount="0" falsecount="1"/>
        <line num="50" count="0" type="stmt"/>
        <line num="51" count="0" type="stmt"/>
        <line num="54" count="5" type="stmt"/>
        <line num="55" count="5" type="stmt"/>
        <line num="57" count="5" type="stmt"/>
        <line num="58" count="5" type="cond" truecount="0" falsecount="1"/>
        <line num="60" count="5" type="stmt"/>
        <line num="61" count="5" type="stmt"/>
        <line num="63" count="5" type="stmt"/>
        <line num="65" count="5" type="stmt"/>
        <line num="66" count="5" type="cond" truecount="3" falsecount="0"/>
        <line num="67" count="3" type="stmt"/>
        <line num="71" count="5" type="stmt"/>
        <line num="72" count="5" type="stmt"/>
        <line num="76" count="5" type="stmt"/>
        <line num="77" count="5" type="stmt"/>
        <line num="78" count="5" type="stmt"/>
      </file>
      <file name="logger.ts" path="/Users/luisapinto/WebstormProjects/web-crawler/src/logger.ts">
        <metrics statements="8" coveredstatements="8" conditionals="4" coveredconditionals="4" methods="3" coveredmethods="3"/>
        <line num="1" count="2" type="stmt"/>
        <line num="3" count="1" type="stmt"/>
        <line num="7" count="3" type="cond" truecount="2" falsecount="0"/>
        <line num="8" count="1" type="stmt"/>
        <line num="9" count="2" type="cond" truecount="2" falsecount="0"/>
        <line num="10" count="1" type="stmt"/>
        <line num="12" count="1" type="stmt"/>
        <line num="17" count="1" type="stmt"/>
      </file>
    </package>
  </project>
</coverage>
