{"/Users/luisapinto/WebstormProjects/web-crawler/__fixtures__/mockAxios.ts": {"path":"/Users/luisapinto/WebstormProjects/web-crawler/__fixtures__/mockAxios.ts","statementMap":{"0":{"start":{"line":3,"column":0},"end":{"line":3,"column":19}},"1":{"start":{"line":1,"column":0},"end":{"line":1,"column":45}},"2":{"start":{"line":4,"column":13},"end":{"line":4,"column":62}},"3":{"start":{"line":6,"column":28},"end":{"line":16,"column":1}},"4":{"start":{"line":7,"column":4},"end":{"line":15,"column":7}},"5":{"start":{"line":7,"column":61},"end":{"line":15,"column":6}},"6":{"start":{"line":8,"column":8},"end":{"line":13,"column":9}},"7":{"start":{"line":9,"column":12},"end":{"line":12,"column":15}},"8":{"start":{"line":14,"column":8},"end":{"line":14,"column":57}},"9":{"start":{"line":6,"column":13},"end":{"line":6,"column":28}}},"fnMap":{"0":{"name":"(anonymous_8)","decl":{"start":{"line":6,"column":28},"end":{"line":6,"column":29}},"loc":{"start":{"line":6,"column":95},"end":{"line":16,"column":1}}},"1":{"name":"(anonymous_9)","decl":{"start":{"line":7,"column":39},"end":{"line":7,"column":46}},"loc":{"start":{"line":7,"column":61},"end":{"line":15,"column":6}}},"2":{"name":"(anonymous_10)","decl":{"start":{"line":7,"column":61},"end":{"line":7,"column":null}},"loc":{"start":{"line":7,"column":61},"end":{"line":15,"column":5}}}},"branchMap":{"0":{"loc":{"start":{"line":8,"column":8},"end":{"line":13,"column":9}},"type":"if","locations":[{"start":{"line":8,"column":8},"end":{"line":13,"column":9}}]},"1":{"loc":{"start":{"line":11,"column":24},"end":{"line":11,"column":49}},"type":"binary-expr","locations":[{"start":{"line":11,"column":24},"end":{"line":11,"column":42}},{"start":{"line":11,"column":46},"end":{"line":11,"column":49}}]}},"s":{"0":1,"1":1,"2":1,"3":1,"4":3,"5":6,"6":6,"7":6,"8":0,"9":1},"f":{"0":3,"1":6,"2":6},"b":{"0":[6],"1":[6,0]}}
,"/Users/luisapinto/WebstormProjects/web-crawler/__fixtures__/mockCyclicPages.ts": {"path":"/Users/luisapinto/WebstormProjects/web-crawler/__fixtures__/mockCyclicPages.ts","statementMap":{"0":{"start":{"line":1,"column":13},"end":{"line":16,"column":2}}},"fnMap":{},"branchMap":{},"s":{"0":1},"f":{},"b":{}}
,"/Users/luisapinto/WebstormProjects/web-crawler/__fixtures__/mockPages.ts": {"path":"/Users/luisapinto/WebstormProjects/web-crawler/__fixtures__/mockPages.ts","statementMap":{"0":{"start":{"line":1,"column":13},"end":{"line":22,"column":2}}},"fnMap":{},"branchMap":{},"s":{"0":1},"f":{},"b":{}}
,"/Users/luisapinto/WebstormProjects/web-crawler/__fixtures__/mockUrls.ts": {"path":"/Users/luisapinto/WebstormProjects/web-crawler/__fixtures__/mockUrls.ts","statementMap":{"0":{"start":{"line":1,"column":13},"end":{"line":7,"column":null}}},"fnMap":{},"branchMap":{},"s":{"0":1},"f":{},"b":{}}
,"/Users/luisapinto/WebstormProjects/web-crawler/src/crawler.ts": {"path":"/Users/luisapinto/WebstormProjects/web-crawler/src/crawler.ts","statementMap":{"0":{"start":{"line":1,"column":0},"end":{"line":1,"column":26}},"1":{"start":{"line":2,"column":0},"end":{"line":2,"column":35}},"2":{"start":{"line":3,"column":0},"end":{"line":3,"column":26}},"3":{"start":{"line":4,"column":0},"end":{"line":4,"column":34}},"4":{"start":{"line":12,"column":8},"end":{"line":12,"column":33}},"5":{"start":{"line":13,"column":8},"end":{"line":13,"column":37}},"6":{"start":{"line":16,"column":27},"end":{"line":30,"column":null}},"7":{"start":{"line":17,"column":8},"end":{"line":29,"column":9}},"8":{"start":{"line":18,"column":29},"end":{"line":18,"column":49}},"9":{"start":{"line":20,"column":12},"end":{"line":23,"column":13}},"10":{"start":{"line":21,"column":16},"end":{"line":21,"column":72}},"11":{"start":{"line":22,"column":16},"end":{"line":22,"column":26}},"12":{"start":{"line":25,"column":12},"end":{"line":25,"column":33}},"13":{"start":{"line":27,"column":12},"end":{"line":27,"column":55}},"14":{"start":{"line":28,"column":12},"end":{"line":28,"column":22}},"15":{"start":{"line":33,"column":18},"end":{"line":33,"column":43}},"16":{"start":{"line":34,"column":22},"end":{"line":34,"column":39}},"17":{"start":{"line":35,"column":24},"end":{"line":35,"column":46}},"18":{"start":{"line":37,"column":8},"end":{"line":43,"column":11}},"19":{"start":{"line":38,"column":25},"end":{"line":38,"column":48}},"20":{"start":{"line":39,"column":12},"end":{"line":42,"column":13}},"21":{"start":{"line":40,"column":28},"end":{"line":40,"column":62}},"22":{"start":{"line":41,"column":16},"end":{"line":41,"column":42}},"23":{"start":{"line":45,"column":8},"end":{"line":45,"column":21}},"24":{"start":{"line":48,"column":16},"end":{"line":73,"column":null}},"25":{"start":{"line":49,"column":8},"end":{"line":52,"column":9}},"26":{"start":{"line":50,"column":12},"end":{"line":50,"column":51}},"27":{"start":{"line":51,"column":12},"end":{"line":51,"column":36}},"28":{"start":{"line":54,"column":8},"end":{"line":54,"column":34}},"29":{"start":{"line":55,"column":8},"end":{"line":55,"column":40}},"30":{"start":{"line":57,"column":28},"end":{"line":57,"column":60}},"31":{"start":{"line":58,"column":8},"end":{"line":58,"column":50}},"32":{"start":{"line":58,"column":26},"end":{"line":58,"column":50}},"33":{"start":{"line":60,"column":22},"end":{"line":60,"column":52}},"34":{"start":{"line":61,"column":8},"end":{"line":61,"column":71}},"35":{"start":{"line":63,"column":54},"end":{"line":63,"column":56}},"36":{"start":{"line":65,"column":8},"end":{"line":69,"column":9}},"37":{"start":{"line":66,"column":12},"end":{"line":68,"column":13}},"38":{"start":{"line":67,"column":16},"end":{"line":67,"column":53}},"39":{"start":{"line":71,"column":8},"end":{"line":71,"column":41}},"40":{"start":{"line":72,"column":8},"end":{"line":72,"column":32}},"41":{"start":{"line":76,"column":24},"end":{"line":76,"column":37}},"42":{"start":{"line":77,"column":24},"end":{"line":77,"column":46}},"43":{"start":{"line":78,"column":8},"end":{"line":78,"column":49}},"44":{"start":{"line":6,"column":0},"end":{"line":6,"column":13}}},"fnMap":{"0":{"name":"(anonymous_14)","decl":{"start":{"line":11,"column":4},"end":{"line":11,"column":16}},"loc":{"start":{"line":11,"column":32},"end":{"line":14,"column":5}}},"1":{"name":"(anonymous_15)","decl":{"start":{"line":16,"column":10},"end":{"line":16,"column":26}},"loc":{"start":{"line":16,"column":26},"end":{"line":30,"column":null}}},"2":{"name":"(anonymous_16)","decl":{"start":{"line":16,"column":27},"end":{"line":16,"column":41}},"loc":{"start":{"line":16,"column":54},"end":{"line":30,"column":5}}},"3":{"name":"(anonymous_17)","decl":{"start":{"line":32,"column":4},"end":{"line":32,"column":16}},"loc":{"start":{"line":32,"column":36},"end":{"line":46,"column":5}}},"4":{"name":"(anonymous_18)","decl":{"start":{"line":37,"column":26},"end":{"line":37,"column":27}},"loc":{"start":{"line":37,"column":41},"end":{"line":43,"column":9}}},"5":{"name":"(anonymous_19)","decl":{"start":{"line":48,"column":10},"end":{"line":48,"column":15}},"loc":{"start":{"line":48,"column":15},"end":{"line":73,"column":null}}},"6":{"name":"(anonymous_20)","decl":{"start":{"line":48,"column":16},"end":{"line":48,"column":30}},"loc":{"start":{"line":48,"column":43},"end":{"line":73,"column":5}}},"7":{"name":"(anonymous_21)","decl":{"start":{"line":75,"column":4},"end":{"line":75,"column":16}},"loc":{"start":{"line":75,"column":29},"end":{"line":79,"column":5}}}},"branchMap":{"0":{"loc":{"start":{"line":16,"column":27},"end":{"line":16,"column":54}},"type":"default-arg","locations":[{"start":{"line":16,"column":41},"end":{"line":16,"column":54}}]},"1":{"loc":{"start":{"line":20,"column":12},"end":{"line":23,"column":13}},"type":"if","locations":[{"start":{"line":20,"column":12},"end":{"line":23,"column":13}}]},"2":{"loc":{"start":{"line":39,"column":12},"end":{"line":42,"column":13}},"type":"if","locations":[{"start":{"line":39,"column":12},"end":{"line":42,"column":13}}]},"3":{"loc":{"start":{"line":48,"column":16},"end":{"line":48,"column":43}},"type":"default-arg","locations":[{"start":{"line":48,"column":30},"end":{"line":48,"column":43}}]},"4":{"loc":{"start":{"line":49,"column":8},"end":{"line":52,"column":9}},"type":"if","locations":[{"start":{"line":49,"column":8},"end":{"line":52,"column":9}}]},"5":{"loc":{"start":{"line":58,"column":8},"end":{"line":58,"column":50}},"type":"if","locations":[{"start":{"line":58,"column":8},"end":{"line":58,"column":50}}]},"6":{"loc":{"start":{"line":66,"column":12},"end":{"line":68,"column":13}},"type":"if","locations":[{"start":{"line":66,"column":12},"end":{"line":68,"column":13}}]},"7":{"loc":{"start":{"line":66,"column":16},"end":{"line":66,"column":70}},"type":"binary-expr","locations":[{"start":{"line":66,"column":16},"end":{"line":66,"column":39}},{"start":{"line":66,"column":43},"end":{"line":66,"column":70}}]}},"s":{"0":1,"1":1,"2":1,"3":1,"4":7,"5":7,"6":8,"7":8,"8":8,"9":7,"10":1,"11":1,"12":6,"13":1,"14":1,"15":6,"16":6,"17":6,"18":6,"19":7,"20":7,"21":7,"22":7,"23":6,"24":5,"25":5,"26":0,"27":0,"28":5,"29":5,"30":5,"31":5,"32":0,"33":5,"34":5,"35":5,"36":5,"37":5,"38":3,"39":5,"40":5,"41":5,"42":5,"43":5,"44":1},"f":{"0":7,"1":8,"2":8,"3":6,"4":7,"5":5,"6":5,"7":5},"b":{"0":[3],"1":[1],"2":[7],"3":[2],"4":[0],"5":[0],"6":[3],"7":[5,4]}}
,"/Users/luisapinto/WebstormProjects/web-crawler/src/logger.ts": {"path":"/Users/luisapinto/WebstormProjects/web-crawler/src/logger.ts","statementMap":{"0":{"start":{"line":3,"column":8},"end":{"line":3,"column":41}},"1":{"start":{"line":7,"column":8},"end":{"line":13,"column":9}},"2":{"start":{"line":8,"column":12},"end":{"line":8,"column":66}},"3":{"start":{"line":9,"column":15},"end":{"line":13,"column":9}},"4":{"start":{"line":10,"column":12},"end":{"line":10,"column":58}},"5":{"start":{"line":12,"column":12},"end":{"line":12,"column":48}},"6":{"start":{"line":17,"column":8},"end":{"line":17,"column":42}},"7":{"start":{"line":1,"column":0},"end":{"line":1,"column":13}}},"fnMap":{"0":{"name":"(anonymous_0)","decl":{"start":{"line":2,"column":4},"end":{"line":2,"column":10}},"loc":{"start":{"line":2,"column":32},"end":{"line":4,"column":5}}},"1":{"name":"(anonymous_1)","decl":{"start":{"line":6,"column":4},"end":{"line":6,"column":10}},"loc":{"start":{"line":6,"column":58},"end":{"line":14,"column":5}}},"2":{"name":"(anonymous_2)","decl":{"start":{"line":16,"column":4},"end":{"line":16,"column":10}},"loc":{"start":{"line":16,"column":32},"end":{"line":18,"column":5}}}},"branchMap":{"0":{"loc":{"start":{"line":7,"column":8},"end":{"line":13,"column":9}},"type":"if","locations":[{"start":{"line":7,"column":8},"end":{"line":13,"column":9}},{"start":{"line":9,"column":15},"end":{"line":13,"column":9}}]},"1":{"loc":{"start":{"line":9,"column":15},"end":{"line":13,"column":9}},"type":"if","locations":[{"start":{"line":9,"column":15},"end":{"line":13,"column":9}},{"start":{"line":11,"column":15},"end":{"line":13,"column":9}}]}},"s":{"0":1,"1":3,"2":1,"3":2,"4":1,"5":1,"6":1,"7":2},"f":{"0":1,"1":3,"2":1},"b":{"0":[1,2],"1":[1,1]}}
}
