{"/Users/luisapinto/WebstormProjects/web-crawler/__fixtures__/mockAxios.ts": {"path":"/Users/luisapinto/WebstormProjects/web-crawler/__fixtures__/mockAxios.ts","statementMap":{"0":{"start":{"line":4,"column":0},"end":{"line":4,"column":19}},"1":{"start":{"line":1,"column":0},"end":{"line":1,"column":45}},"2":{"start":{"line":7,"column":13},"end":{"line":7,"column":62}},"3":{"start":{"line":18,"column":28},"end":{"line":28,"column":1}},"4":{"start":{"line":19,"column":4},"end":{"line":27,"column":7}},"5":{"start":{"line":19,"column":61},"end":{"line":27,"column":6}},"6":{"start":{"line":20,"column":8},"end":{"line":25,"column":9}},"7":{"start":{"line":21,"column":12},"end":{"line":24,"column":15}},"8":{"start":{"line":26,"column":8},"end":{"line":26,"column":57}},"9":{"start":{"line":18,"column":13},"end":{"line":18,"column":28}}},"fnMap":{"0":{"name":"(anonymous_8)","decl":{"start":{"line":18,"column":28},"end":{"line":18,"column":29}},"loc":{"start":{"line":18,"column":95},"end":{"line":28,"column":1}}},"1":{"name":"(anonymous_9)","decl":{"start":{"line":19,"column":39},"end":{"line":19,"column":46}},"loc":{"start":{"line":19,"column":61},"end":{"line":27,"column":6}}},"2":{"name":"(anonymous_10)","decl":{"start":{"line":19,"column":61},"end":{"line":19,"column":null}},"loc":{"start":{"line":19,"column":61},"end":{"line":27,"column":5}}}},"branchMap":{"0":{"loc":{"start":{"line":20,"column":8},"end":{"line":25,"column":9}},"type":"if","locations":[{"start":{"line":20,"column":8},"end":{"line":25,"column":9}}]}},"s":{"0":1,"1":1,"2":1,"3":1,"4":5,"5":7,"6":7,"7":6,"8":1,"9":1},"f":{"0":5,"1":7,"2":7},"b":{"0":[6]}}
,"/Users/luisapinto/WebstormProjects/web-crawler/__fixtures__/mockCyclicPages.ts": {"path":"/Users/luisapinto/WebstormProjects/web-crawler/__fixtures__/mockCyclicPages.ts","statementMap":{"0":{"start":{"line":10,"column":13},"end":{"line":25,"column":2}}},"fnMap":{},"branchMap":{},"s":{"0":1},"f":{},"b":{}}
,"/Users/luisapinto/WebstormProjects/web-crawler/__fixtures__/mockPages.ts": {"path":"/Users/luisapinto/WebstormProjects/web-crawler/__fixtures__/mockPages.ts","statementMap":{"0":{"start":{"line":11,"column":13},"end":{"line":32,"column":2}}},"fnMap":{},"branchMap":{},"s":{"0":1},"f":{},"b":{}}
,"/Users/luisapinto/WebstormProjects/web-crawler/__fixtures__/mockUrls.ts": {"path":"/Users/luisapinto/WebstormProjects/web-crawler/__fixtures__/mockUrls.ts","statementMap":{"0":{"start":{"line":13,"column":13},"end":{"line":19,"column":null}}},"fnMap":{},"branchMap":{},"s":{"0":1},"f":{},"b":{}}
,"/Users/luisapinto/WebstormProjects/web-crawler/src/crawler.ts": {"path":"/Users/luisapinto/WebstormProjects/web-crawler/src/crawler.ts","statementMap":{"0":{"start":{"line":1,"column":0},"end":{"line":1,"column":26}},"1":{"start":{"line":2,"column":0},"end":{"line":2,"column":35}},"2":{"start":{"line":3,"column":0},"end":{"line":3,"column":26}},"3":{"start":{"line":4,"column":0},"end":{"line":4,"column":34}},"4":{"start":{"line":19,"column":4},"end":{"line":19,"column":29}},"5":{"start":{"line":20,"column":4},"end":{"line":20,"column":33}},"6":{"start":{"line":28,"column":25},"end":{"line":42,"column":null}},"7":{"start":{"line":29,"column":4},"end":{"line":41,"column":5}},"8":{"start":{"line":30,"column":23},"end":{"line":30,"column":43}},"9":{"start":{"line":32,"column":6},"end":{"line":35,"column":7}},"10":{"start":{"line":33,"column":8},"end":{"line":33,"column":64}},"11":{"start":{"line":34,"column":8},"end":{"line":34,"column":18}},"12":{"start":{"line":37,"column":6},"end":{"line":37,"column":27}},"13":{"start":{"line":39,"column":6},"end":{"line":39,"column":49}},"14":{"start":{"line":40,"column":6},"end":{"line":40,"column":16}},"15":{"start":{"line":50,"column":14},"end":{"line":50,"column":39}},"16":{"start":{"line":51,"column":18},"end":{"line":51,"column":35}},"17":{"start":{"line":52,"column":20},"end":{"line":52,"column":42}},"18":{"start":{"line":54,"column":4},"end":{"line":60,"column":7}},"19":{"start":{"line":55,"column":19},"end":{"line":55,"column":42}},"20":{"start":{"line":56,"column":6},"end":{"line":59,"column":7}},"21":{"start":{"line":57,"column":20},"end":{"line":57,"column":54}},"22":{"start":{"line":58,"column":8},"end":{"line":58,"column":34}},"23":{"start":{"line":62,"column":4},"end":{"line":62,"column":17}},"24":{"start":{"line":70,"column":14},"end":{"line":95,"column":null}},"25":{"start":{"line":71,"column":4},"end":{"line":74,"column":5}},"26":{"start":{"line":72,"column":6},"end":{"line":72,"column":45}},"27":{"start":{"line":73,"column":6},"end":{"line":73,"column":30}},"28":{"start":{"line":76,"column":4},"end":{"line":76,"column":30}},"29":{"start":{"line":77,"column":4},"end":{"line":77,"column":36}},"30":{"start":{"line":79,"column":24},"end":{"line":79,"column":56}},"31":{"start":{"line":80,"column":4},"end":{"line":80,"column":46}},"32":{"start":{"line":80,"column":22},"end":{"line":80,"column":46}},"33":{"start":{"line":82,"column":18},"end":{"line":82,"column":48}},"34":{"start":{"line":83,"column":4},"end":{"line":83,"column":67}},"35":{"start":{"line":85,"column":50},"end":{"line":85,"column":52}},"36":{"start":{"line":87,"column":4},"end":{"line":91,"column":5}},"37":{"start":{"line":88,"column":6},"end":{"line":90,"column":7}},"38":{"start":{"line":89,"column":8},"end":{"line":89,"column":45}},"39":{"start":{"line":93,"column":4},"end":{"line":93,"column":37}},"40":{"start":{"line":94,"column":4},"end":{"line":94,"column":28}},"41":{"start":{"line":103,"column":20},"end":{"line":103,"column":33}},"42":{"start":{"line":104,"column":20},"end":{"line":104,"column":42}},"43":{"start":{"line":105,"column":4},"end":{"line":105,"column":45}},"44":{"start":{"line":10,"column":0},"end":{"line":10,"column":13}}},"fnMap":{"0":{"name":"(anonymous_14)","decl":{"start":{"line":18,"column":2},"end":{"line":18,"column":14}},"loc":{"start":{"line":18,"column":30},"end":{"line":21,"column":3}}},"1":{"name":"(anonymous_15)","decl":{"start":{"line":28,"column":8},"end":{"line":28,"column":24}},"loc":{"start":{"line":28,"column":24},"end":{"line":42,"column":null}}},"2":{"name":"(anonymous_16)","decl":{"start":{"line":28,"column":25},"end":{"line":28,"column":39}},"loc":{"start":{"line":28,"column":52},"end":{"line":42,"column":3}}},"3":{"name":"(anonymous_17)","decl":{"start":{"line":49,"column":2},"end":{"line":49,"column":14}},"loc":{"start":{"line":49,"column":34},"end":{"line":63,"column":3}}},"4":{"name":"(anonymous_18)","decl":{"start":{"line":54,"column":22},"end":{"line":54,"column":23}},"loc":{"start":{"line":54,"column":37},"end":{"line":60,"column":5}}},"5":{"name":"(anonymous_19)","decl":{"start":{"line":70,"column":8},"end":{"line":70,"column":13}},"loc":{"start":{"line":70,"column":13},"end":{"line":95,"column":null}}},"6":{"name":"(anonymous_20)","decl":{"start":{"line":70,"column":14},"end":{"line":70,"column":28}},"loc":{"start":{"line":70,"column":41},"end":{"line":95,"column":3}}},"7":{"name":"(anonymous_21)","decl":{"start":{"line":102,"column":2},"end":{"line":102,"column":14}},"loc":{"start":{"line":102,"column":27},"end":{"line":106,"column":3}}}},"branchMap":{"0":{"loc":{"start":{"line":28,"column":25},"end":{"line":28,"column":52}},"type":"default-arg","locations":[{"start":{"line":28,"column":39},"end":{"line":28,"column":52}}]},"1":{"loc":{"start":{"line":32,"column":6},"end":{"line":35,"column":7}},"type":"if","locations":[{"start":{"line":32,"column":6},"end":{"line":35,"column":7}}]},"2":{"loc":{"start":{"line":56,"column":6},"end":{"line":59,"column":7}},"type":"if","locations":[{"start":{"line":56,"column":6},"end":{"line":59,"column":7}}]},"3":{"loc":{"start":{"line":70,"column":14},"end":{"line":70,"column":41}},"type":"default-arg","locations":[{"start":{"line":70,"column":28},"end":{"line":70,"column":41}}]},"4":{"loc":{"start":{"line":71,"column":4},"end":{"line":74,"column":5}},"type":"if","locations":[{"start":{"line":71,"column":4},"end":{"line":74,"column":5}}]},"5":{"loc":{"start":{"line":80,"column":4},"end":{"line":80,"column":46}},"type":"if","locations":[{"start":{"line":80,"column":4},"end":{"line":80,"column":46}}]},"6":{"loc":{"start":{"line":88,"column":6},"end":{"line":90,"column":7}},"type":"if","locations":[{"start":{"line":88,"column":6},"end":{"line":90,"column":7}}]},"7":{"loc":{"start":{"line":88,"column":10},"end":{"line":88,"column":64}},"type":"binary-expr","locations":[{"start":{"line":88,"column":10},"end":{"line":88,"column":33}},{"start":{"line":88,"column":37},"end":{"line":88,"column":64}}]}},"s":{"0":1,"1":1,"2":1,"3":1,"4":9,"5":9,"6":8,"7":8,"8":8,"9":7,"10":1,"11":1,"12":6,"13":1,"14":1,"15":6,"16":6,"17":6,"18":6,"19":7,"20":7,"21":7,"22":7,"23":6,"24":7,"25":7,"26":1,"27":1,"28":6,"29":6,"30":6,"31":6,"32":1,"33":5,"34":5,"35":5,"36":5,"37":5,"38":3,"39":5,"40":5,"41":5,"42":5,"43":5,"44":1},"f":{"0":9,"1":8,"2":8,"3":6,"4":7,"5":7,"6":7,"7":5},"b":{"0":[3],"1":[1],"2":[7],"3":[4],"4":[1],"5":[1],"6":[3],"7":[5,4]}}
,"/Users/luisapinto/WebstormProjects/web-crawler/src/logger.ts": {"path":"/Users/luisapinto/WebstormProjects/web-crawler/src/logger.ts","statementMap":{"0":{"start":{"line":11,"column":4},"end":{"line":11,"column":37}},"1":{"start":{"line":20,"column":4},"end":{"line":26,"column":5}},"2":{"start":{"line":21,"column":6},"end":{"line":21,"column":60}},"3":{"start":{"line":22,"column":11},"end":{"line":26,"column":5}},"4":{"start":{"line":23,"column":6},"end":{"line":23,"column":52}},"5":{"start":{"line":25,"column":6},"end":{"line":25,"column":42}},"6":{"start":{"line":34,"column":4},"end":{"line":34,"column":38}},"7":{"start":{"line":5,"column":0},"end":{"line":5,"column":13}}},"fnMap":{"0":{"name":"(anonymous_0)","decl":{"start":{"line":10,"column":2},"end":{"line":10,"column":8}},"loc":{"start":{"line":10,"column":29},"end":{"line":12,"column":3}}},"1":{"name":"(anonymous_1)","decl":{"start":{"line":19,"column":2},"end":{"line":19,"column":8}},"loc":{"start":{"line":19,"column":55},"end":{"line":27,"column":3}}},"2":{"name":"(anonymous_2)","decl":{"start":{"line":33,"column":2},"end":{"line":33,"column":8}},"loc":{"start":{"line":33,"column":29},"end":{"line":35,"column":3}}}},"branchMap":{"0":{"loc":{"start":{"line":20,"column":4},"end":{"line":26,"column":5}},"type":"if","locations":[{"start":{"line":20,"column":4},"end":{"line":26,"column":5}},{"start":{"line":22,"column":11},"end":{"line":26,"column":5}}]},"1":{"loc":{"start":{"line":22,"column":11},"end":{"line":26,"column":5}},"type":"if","locations":[{"start":{"line":22,"column":11},"end":{"line":26,"column":5}},{"start":{"line":24,"column":11},"end":{"line":26,"column":5}}]}},"s":{"0":1,"1":3,"2":1,"3":2,"4":1,"5":1,"6":1,"7":2},"f":{"0":1,"1":3,"2":1},"b":{"0":[1,2],"1":[1,1]}}
}
