TN:
SF:__fixtures__/mockAxios.ts
FN:6,(anonymous_8)
FN:7,(anonymous_9)
FN:7,(anonymous_10)
FNF:3
FNH:3
FNDA:3,(anonymous_8)
FNDA:6,(anonymous_9)
FNDA:6,(anonymous_10)
DA:1,1
DA:3,1
DA:4,1
DA:6,1
DA:7,6
DA:8,6
DA:9,6
DA:14,0
LF:8
LH:7
BRDA:8,0,0,6
BRDA:11,1,0,6
BRDA:11,1,1,0
BRF:3
BRH:2
end_of_record
TN:
SF:__fixtures__/mockCyclicPages.ts
FNF:0
FNH:0
DA:1,1
LF:1
LH:1
BRF:0
BRH:0
end_of_record
TN:
SF:__fixtures__/mockPages.ts
FNF:0
FNH:0
DA:1,1
LF:1
LH:1
BRF:0
BRH:0
end_of_record
TN:
SF:__fixtures__/mockUrls.ts
FNF:0
FNH:0
DA:1,1
LF:1
LH:1
BRF:0
BRH:0
end_of_record
TN:
SF:src/crawler.ts
FN:11,(anonymous_14)
FN:16,(anonymous_15)
FN:16,(anonymous_16)
FN:32,(anonymous_17)
FN:37,(anonymous_18)
FN:48,(anonymous_19)
FN:48,(anonymous_20)
FN:75,(anonymous_21)
FNF:8
FNH:8
FNDA:7,(anonymous_14)
FNDA:8,(anonymous_15)
FNDA:8,(anonymous_16)
FNDA:6,(anonymous_17)
FNDA:7,(anonymous_18)
FNDA:5,(anonymous_19)
FNDA:5,(anonymous_20)
FNDA:5,(anonymous_21)
DA:1,1
DA:2,1
DA:3,1
DA:4,1
DA:6,1
DA:12,7
DA:13,7
DA:16,8
DA:17,8
DA:18,8
DA:20,7
DA:21,1
DA:22,1
DA:25,6
DA:27,1
DA:28,1
DA:33,6
DA:34,6
DA:35,6
DA:37,6
DA:38,7
DA:39,7
DA:40,7
DA:41,7
DA:45,6
DA:48,5
DA:49,5
DA:50,0
DA:51,0
DA:54,5
DA:55,5
DA:57,5
DA:58,5
DA:60,5
DA:61,5
DA:63,5
DA:65,5
DA:66,5
DA:67,3
DA:71,5
DA:72,5
DA:76,5
DA:77,5
DA:78,5
LF:44
LH:42
BRDA:16,0,0,3
BRDA:20,1,0,1
BRDA:39,2,0,7
BRDA:48,3,0,2
BRDA:49,4,0,0
BRDA:58,5,0,0
BRDA:66,6,0,3
BRDA:66,7,0,5
BRDA:66,7,1,4
BRF:9
BRH:7
end_of_record
TN:
SF:src/logger.ts
FN:2,(anonymous_0)
FN:6,(anonymous_1)
FN:16,(anonymous_2)
FNF:3
FNH:3
FNDA:1,(anonymous_0)
FNDA:3,(anonymous_1)
FNDA:1,(anonymous_2)
DA:1,2
DA:3,1
DA:7,3
DA:8,1
DA:9,2
DA:10,1
DA:12,1
DA:17,1
LF:8
LH:8
BRDA:7,0,0,1
BRDA:7,0,1,2
BRDA:9,1,0,1
BRDA:9,1,1,1
BRF:4
BRH:4
end_of_record
