TN:
SF:__fixtures__/mockAxios.ts
FN:18,(anonymous_8)
FN:19,(anonymous_9)
FN:19,(anonymous_10)
FNF:3
FNH:3
FNDA:4,(anonymous_8)
FNDA:7,(anonymous_9)
FNDA:7,(anonymous_10)
DA:1,1
DA:4,1
DA:7,1
DA:18,1
DA:19,7
DA:20,7
DA:21,6
DA:26,1
LF:8
LH:8
BRDA:20,0,0,6
BRDA:23,1,0,6
BRDA:23,1,1,0
BRF:3
BRH:2
end_of_record
TN:
SF:__fixtures__/mockCyclicPages.ts
FNF:0
FNH:0
DA:10,1
LF:1
LH:1
BRF:0
BRH:0
end_of_record
TN:
SF:__fixtures__/mockPages.ts
FNF:0
FNH:0
DA:11,1
LF:1
LH:1
BRF:0
BRH:0
end_of_record
TN:
SF:__fixtures__/mockUrls.ts
FNF:0
FNH:0
DA:13,1
LF:1
LH:1
BRF:0
BRH:0
end_of_record
TN:
SF:src/crawler.ts
FN:18,(anonymous_14)
FN:28,(anonymous_15)
FN:28,(anonymous_16)
FN:49,(anonymous_17)
FN:54,(anonymous_18)
FN:70,(anonymous_19)
FN:70,(anonymous_20)
FN:102,(anonymous_21)
FNF:8
FNH:8
FNDA:7,(anonymous_14)
FNDA:8,(anonymous_15)
FNDA:8,(anonymous_16)
FNDA:6,(anonymous_17)
FNDA:7,(anonymous_18)
FNDA:5,(anonymous_19)
FNDA:5,(anonymous_20)
FNDA:5,(anonymous_21)
DA:1,1
DA:2,1
DA:3,1
DA:4,1
DA:10,1
DA:19,7
DA:20,7
DA:28,8
DA:29,8
DA:30,8
DA:32,7
DA:33,1
DA:34,1
DA:37,6
DA:39,1
DA:40,1
DA:50,6
DA:51,6
DA:52,6
DA:54,6
DA:55,7
DA:56,7
DA:57,7
DA:58,7
DA:62,6
DA:70,5
DA:71,5
DA:72,0
DA:73,0
DA:76,5
DA:77,5
DA:79,5
DA:80,5
DA:82,5
DA:83,5
DA:85,5
DA:87,5
DA:88,5
DA:89,3
DA:93,5
DA:94,5
DA:103,5
DA:104,5
DA:105,5
LF:44
LH:42
BRDA:28,0,0,3
BRDA:32,1,0,1
BRDA:56,2,0,7
BRDA:70,3,0,2
BRDA:71,4,0,0
BRDA:80,5,0,0
BRDA:88,6,0,3
BRDA:88,7,0,5
BRDA:88,7,1,4
BRF:9
BRH:7
end_of_record
TN:
SF:src/logger.ts
FN:10,(anonymous_0)
FN:19,(anonymous_1)
FN:33,(anonymous_2)
FNF:3
FNH:3
FNDA:1,(anonymous_0)
FNDA:3,(anonymous_1)
FNDA:1,(anonymous_2)
DA:5,2
DA:11,1
DA:20,3
DA:21,1
DA:22,2
DA:23,1
DA:25,1
DA:34,1
LF:8
LH:8
BRDA:20,0,0,1
BRDA:20,0,1,2
BRDA:22,1,0,1
BRDA:22,1,1,1
BRF:4
BRH:4
end_of_record
